
22-08-25, 20:34:38 - ALERTA: No se ha podido descargar “tel:+493501576350”, remitidos desde “/Users/kntxt/Desktop/Insemad_Clon/palosa.de/paletten-hersteller/index.html”, porque es una URL no válida o no soportada
22-08-25, 20:34:38 - ALERTA: No se ha podido descargar “tel:+493501576350”, remitidos desde “/Users/kntxt/Desktop/Insemad_Clon/palosa.de/paletten-hersteller/index.html”, porque es una URL no válida o no soportada
22-08-25, 20:34:38 - ALERTA: Es posible que no se puedan seguir todos los enlaces en “/Users/kntxt/Desktop/Insemad_Clon/palosa.de/paletten-hersteller/index.html” porque utiliza JavaScript
22-08-25, 20:34:41 - ERROR: La descarga de “https://palosa.de/wp-content/plugins/elementor-pro/assets/css/widget-mega-menu.min.css?ver=3.26.2”, remitidos desde “/Users/kntxt/Desktop/Insemad_Clon/palosa.de/paletten-hersteller/index.html”, falló con código de error 404 (no encontrado)
22-08-25, 20:34:42 - ALERTA: “https://palosa.de/?p=1682”, remitidos desde “/Users/kntxt/Desktop/Insemad_Clon/palosa.de/paletten-hersteller/index.html”, ha sido redirigido a “https://palosa.de/paletten-hersteller/”
22-08-25, 20:34:42 - ALERTA: No se ha podido descargar “https://palosa.de/?p=1682”, remitidos desde “/Users/kntxt/Desktop/Insemad_Clon/palosa.de/paletten-hersteller/index.html”, porque ya se ha descargado
22-08-25, 20:34:43 - ERROR: La descarga de “https://palosa.de/wp-content/plugins/elementor-pro/assets/css/widget-mega-menu.min.css?ver=3.26.2”, remitidos desde “/Users/kntxt/Desktop/Insemad_Clon/palosa.de/europaletten-reparatur/index.html”, falló con código de error 404 (no encontrado)
22-08-25, 20:34:43 - ALERTA: No se ha podido descargar “tel:+493501576350”, remitidos desde “/Users/kntxt/Desktop/Insemad_Clon/palosa.de/europaletten-reparatur/index.html”, porque es una URL no válida o no soportada
22-08-25, 20:34:43 - ALERTA: No se ha podido descargar “tel:+493501576350”, remitidos desde “/Users/kntxt/Desktop/Insemad_Clon/palosa.de/europaletten-reparatur/index.html”, porque es una URL no válida o no soportada
22-08-25, 20:34:43 - ALERTA: Es posible que no se puedan seguir todos los enlaces en “/Users/kntxt/Desktop/Insemad_Clon/palosa.de/europaletten-reparatur/index.html” porque utiliza JavaScript
22-08-25, 20:34:43 - ERROR: La descarga de “https://palosa.de/wp-content/plugins/elementor-pro/assets/css/widget-mega-menu.min.css?ver=3.26.2”, remitidos desde “/Users/kntxt/Desktop/Insemad_Clon/palosa.de/europaletten-kaufen/index.html”, falló con código de error 404 (no encontrado)
22-08-25, 20:34:43 - ALERTA: No se ha podido descargar “tel:+493501576350”, remitidos desde “/Users/kntxt/Desktop/Insemad_Clon/palosa.de/europaletten-kaufen/index.html”, porque es una URL no válida o no soportada
22-08-25, 20:34:43 - ALERTA: No se ha podido descargar “tel:+493501576350”, remitidos desde “/Users/kntxt/Desktop/Insemad_Clon/palosa.de/europaletten-kaufen/index.html”, porque es una URL no válida o no soportada
22-08-25, 20:34:43 - ALERTA: Es posible que no se puedan seguir todos los enlaces en “/Users/kntxt/Desktop/Insemad_Clon/palosa.de/europaletten-kaufen/index.html” porque utiliza JavaScript
22-08-25, 20:34:44 - ERROR: La descarga de “https://palosa.de/wp-content/plugins/elementor-pro/assets/css/widget-mega-menu.min.css?ver=3.26.2”, remitidos desde “/Users/kntxt/Desktop/Insemad_Clon/palosa.de/index.html”, falló con código de error 404 (no encontrado)
22-08-25, 20:34:44 - ERROR: La descarga de “https://palosa.de/wp-content/plugins/elementor-pro/assets/css/widget-mega-menu.min.css?ver=3.26.2”, remitidos desde “/Users/kntxt/Desktop/Insemad_Clon/palosa.de/industriepaletten/index.html”, falló con código de error 404 (no encontrado)
22-08-25, 20:34:44 - ALERTA: No se ha podido descargar “tel:+493501576350”, remitidos desde “/Users/kntxt/Desktop/Insemad_Clon/palosa.de/industriepaletten/index.html”, porque es una URL no válida o no soportada
22-08-25, 20:34:44 - ALERTA: No se ha podido descargar “tel:+493501576350”, remitidos desde “/Users/kntxt/Desktop/Insemad_Clon/palosa.de/industriepaletten/index.html”, porque es una URL no válida o no soportada
22-08-25, 20:34:44 - ALERTA: Es posible que no se puedan seguir todos los enlaces en “/Users/kntxt/Desktop/Insemad_Clon/palosa.de/industriepaletten/index.html” porque utiliza JavaScript
22-08-25, 20:34:44 - ALERTA: No se ha podido descargar “tel:+493501576350”, remitidos desde “/Users/kntxt/Desktop/Insemad_Clon/palosa.de/index.html”, porque es una URL no válida o no soportada
22-08-25, 20:34:44 - ALERTA: No se ha podido descargar “tel:+493501576350”, remitidos desde “/Users/kntxt/Desktop/Insemad_Clon/palosa.de/index.html”, porque es una URL no válida o no soportada
22-08-25, 20:34:44 - ALERTA: Es posible que no se puedan seguir todos los enlaces en “/Users/kntxt/Desktop/Insemad_Clon/palosa.de/index.html” porque utiliza JavaScript
22-08-25, 20:34:44 - ERROR: La descarga de “https://palosa.de/wp-content/plugins/elementor-pro/assets/css/widget-mega-menu.min.css?ver=3.26.2”, remitidos desde “/Users/kntxt/Desktop/Insemad_Clon/palosa.de/cp-paletten/index.html”, falló con código de error 404 (no encontrado)
22-08-25, 20:34:44 - ALERTA: No se ha podido descargar “mailto:info@palosa.de”, remitidos desde “/Users/kntxt/Desktop/Insemad_Clon/palosa.de/cp-paletten/index.html”, porque es una URL no válida o no soportada
22-08-25, 20:34:44 - ERROR: La descarga de “https://palosa.de/wp-content/plugins/elementor-pro/assets/css/widget-mega-menu.min.css?ver=3.26.2”, remitidos desde “/Users/kntxt/Desktop/Insemad_Clon/palosa.de/kontakt_pallettenlogistik/index.html”, falló con código de error 404 (no encontrado)
22-08-25, 20:34:44 - ALERTA: No se ha podido descargar “tel:+493501576350”, remitidos desde “/Users/kntxt/Desktop/Insemad_Clon/palosa.de/cp-paletten/index.html”, porque es una URL no válida o no soportada
22-08-25, 20:34:44 - ALERTA: No se ha podido descargar “tel:+493501576350”, remitidos desde “/Users/kntxt/Desktop/Insemad_Clon/palosa.de/cp-paletten/index.html”, porque es una URL no válida o no soportada
22-08-25, 20:34:44 - ALERTA: Es posible que no se puedan seguir todos los enlaces en “/Users/kntxt/Desktop/Insemad_Clon/palosa.de/cp-paletten/index.html” porque utiliza JavaScript
22-08-25, 20:34:44 - ALERTA: No se ha podido descargar “mailto:personal@palosa.de”, remitidos desde “/Users/kntxt/Desktop/Insemad_Clon/palosa.de/kontakt_pallettenlogistik/index.html”, porque es una URL no válida o no soportada
22-08-25, 20:34:44 - ALERTA: No se ha podido descargar “tel:+493501576350”, remitidos desde “/Users/kntxt/Desktop/Insemad_Clon/palosa.de/kontakt_pallettenlogistik/index.html”, porque es una URL no válida o no soportada
22-08-25, 20:34:44 - ALERTA: No se ha podido descargar “tel:+493501576350”, remitidos desde “/Users/kntxt/Desktop/Insemad_Clon/palosa.de/kontakt_pallettenlogistik/index.html”, porque es una URL no válida o no soportada
22-08-25, 20:34:44 - ALERTA: Es posible que no se puedan seguir todos los enlaces en “/Users/kntxt/Desktop/Insemad_Clon/palosa.de/kontakt_pallettenlogistik/index.html” porque utiliza JavaScript
22-08-25, 20:34:45 - ERROR: La descarga de “https://palosa.de/wp-content/plugins/elementor-pro/assets/css/widget-mega-menu.min.css?ver=3.26.2”, remitidos desde “/Users/kntxt/Desktop/Insemad_Clon/palosa.de/bestellung/index.html”, falló con código de error 404 (no encontrado)
22-08-25, 20:34:45 - ALERTA: No se ha podido descargar “tel:+493501576350”, remitidos desde “/Users/kntxt/Desktop/Insemad_Clon/palosa.de/bestellung/index.html”, porque es una URL no válida o no soportada
22-08-25, 20:34:45 - ALERTA: No se ha podido descargar “tel:+493501576350”, remitidos desde “/Users/kntxt/Desktop/Insemad_Clon/palosa.de/bestellung/index.html”, porque es una URL no válida o no soportada
22-08-25, 20:34:45 - ALERTA: Es posible que no se puedan seguir todos los enlaces en “/Users/kntxt/Desktop/Insemad_Clon/palosa.de/bestellung/index.html” porque utiliza JavaScript
22-08-25, 20:34:46 - ALERTA: La descarga de “https://lh3.googleusercontent.com/robots.txt” falló con código de error 400 (petición incorrecta)
22-08-25, 20:34:46 - ALERTA: El nombre del archivo es “unnamed.png” del encabezado HTTP para “https://lh3.googleusercontent.com/a/ACg8ocLRQ0gzgZImTBqd6fbF2V8xS6DuxFP_xcE71_8Qy1Ye=w40-h40-c-rp-mo-br100”
22-08-25, 20:34:46 - ALERTA: No se ha podido descargar “https://lh3.googleusercontent.com/a/ACg8ocLRQ0gzgZImTBqd6fbF2V8xS6DuxFP_xcE71_8Qy1Ye=w80-h80-c-rp-mo-br100%202x”, remitidos desde “/Users/kntxt/Desktop/Insemad_Clon/palosa.de/paletten-hersteller/index.html”, porque su ruta no está permitida
22-08-25, 20:34:46 - ALERTA: El nombre del archivo es “unnamed.png” del encabezado HTTP para “https://lh3.googleusercontent.com/a/ACg8ocIZthTfVgUuITPwd4_MlOTxYQ_zSUZVcc_S10pBZNnc=w40-h40-c-rp-mo-br100”
22-08-25, 20:34:46 - ALERTA: No se encontró fecha de modificación para “https://lh3.googleusercontent.com/a/ACg8ocIZthTfVgUuITPwd4_MlOTxYQ_zSUZVcc_S10pBZNnc=w40-h40-c-rp-mo-br100”, remitidos desde “/Users/kntxt/Desktop/Insemad_Clon/palosa.de/paletten-hersteller/index.html”,
22-08-25, 20:34:46 - ALERTA: El nombre del archivo es “unnamed.png” del encabezado HTTP para “https://lh3.googleusercontent.com/a-/ALV-UjV8MIUrhfr9ypoONLqm2AblIeLDUkvfoHdMtFKzfQpbnS_B=w40-h40-c-rp-mo-ba5-br100”
22-08-25, 20:34:46 - ALERTA: No se ha podido descargar “https://lh3.googleusercontent.com/a-/ALV-UjV8MIUrhfr9ypoONLqm2AblIeLDUkvfoHdMtFKzfQpbnS_B=w80-h80-c-rp-mo-ba5-br100%202x”, remitidos desde “/Users/kntxt/Desktop/Insemad_Clon/palosa.de/paletten-hersteller/index.html”, porque su ruta no está permitida
22-08-25, 20:34:46 - ALERTA: No se ha podido descargar “https://lh3.googleusercontent.com/a/ACg8ocIZthTfVgUuITPwd4_MlOTxYQ_zSUZVcc_S10pBZNnc=w80-h80-c-rp-mo-br100%202x”, remitidos desde “/Users/kntxt/Desktop/Insemad_Clon/palosa.de/paletten-hersteller/index.html”, porque su ruta no está permitida
22-08-25, 20:34:47 - ALERTA: La descarga de “https://policies.google.com/robots.txt” falló con código de error 404 (no encontrado)
22-08-25, 20:34:47 - ALERTA: No se ha podido descargar “https://policies.google.com/privacy”, remitidos desde “/Users/kntxt/Desktop/Insemad_Clon/palosa.de/paletten-hersteller/index.html”, porque su ruta no está permitida
22-08-25, 20:34:47 - ERROR: La descarga de “https://palosa.de/wp-content/plugins/elementor-pro/assets/css/widget-mega-menu.min.css?ver=3.26.2”, remitidos desde “/Users/kntxt/Desktop/Insemad_Clon/palosa.de/impressum/index.html”, falló con código de error 404 (no encontrado)
22-08-25, 20:34:47 - ALERTA: No se ha podido descargar “tel:+493501576350”, remitidos desde “/Users/kntxt/Desktop/Insemad_Clon/palosa.de/impressum/index.html”, porque es una URL no válida o no soportada
22-08-25, 20:34:47 - ALERTA: No se ha podido descargar “tel:+493501576350”, remitidos desde “/Users/kntxt/Desktop/Insemad_Clon/palosa.de/impressum/index.html”, porque es una URL no válida o no soportada
22-08-25, 20:34:47 - ALERTA: Es posible que no se puedan seguir todos los enlaces en “/Users/kntxt/Desktop/Insemad_Clon/palosa.de/impressum/index.html” porque utiliza JavaScript
22-08-25, 20:34:47 - ERROR: La descarga de “https://palosa.de/wp-content/plugins/elementor-pro/assets/css/widget-mega-menu.min.css?ver=3.26.2”, remitidos desde “/Users/kntxt/Desktop/Insemad_Clon/palosa.de/palettenpooling/index.html”, falló con código de error 404 (no encontrado)
22-08-25, 20:34:47 - ERROR: La descarga de “https://palosa.de/wp-content/plugins/elementor-pro/assets/css/widget-mega-menu.min.css?ver=3.26.2”, remitidos desde “/Users/kntxt/Desktop/Insemad_Clon/palosa.de/palettenentsorgung/index.html”, falló con código de error 404 (no encontrado)
22-08-25, 20:34:47 - ERROR: La descarga de “https://palosa.de/wp-content/plugins/elementor-pro/assets/css/widget-mega-menu.min.css?ver=3.26.2”, remitidos desde “/Users/kntxt/Desktop/Insemad_Clon/palosa.de/palosa-nachhaltigkeit/index.html”, falló con código de error 404 (no encontrado)
22-08-25, 20:34:47 - ALERTA: No se ha podido descargar “tel:+493501576350”, remitidos desde “/Users/kntxt/Desktop/Insemad_Clon/palosa.de/palettenpooling/index.html”, porque es una URL no válida o no soportada
22-08-25, 20:34:47 - ALERTA: No se ha podido descargar “tel:+493501576350”, remitidos desde “/Users/kntxt/Desktop/Insemad_Clon/palosa.de/palettenpooling/index.html”, porque es una URL no válida o no soportada
22-08-25, 20:34:47 - ALERTA: Es posible que no se puedan seguir todos los enlaces en “/Users/kntxt/Desktop/Insemad_Clon/palosa.de/palettenpooling/index.html” porque utiliza JavaScript
22-08-25, 20:34:48 - ALERTA: No se ha podido descargar “tel:+493501576350”, remitidos desde “/Users/kntxt/Desktop/Insemad_Clon/palosa.de/palettenentsorgung/index.html”, porque es una URL no válida o no soportada
22-08-25, 20:34:48 - ALERTA: No se ha podido descargar “tel:+493501576350”, remitidos desde “/Users/kntxt/Desktop/Insemad_Clon/palosa.de/palettenentsorgung/index.html”, porque es una URL no válida o no soportada
22-08-25, 20:34:48 - ALERTA: Es posible que no se puedan seguir todos los enlaces en “/Users/kntxt/Desktop/Insemad_Clon/palosa.de/palettenentsorgung/index.html” porque utiliza JavaScript
22-08-25, 20:34:48 - ALERTA: No se ha podido descargar “tel:+493501576350”, remitidos desde “/Users/kntxt/Desktop/Insemad_Clon/palosa.de/palosa-nachhaltigkeit/index.html”, porque es una URL no válida o no soportada
22-08-25, 20:34:48 - ALERTA: No se ha podido descargar “tel:+493501576350”, remitidos desde “/Users/kntxt/Desktop/Insemad_Clon/palosa.de/palosa-nachhaltigkeit/index.html”, porque es una URL no válida o no soportada
22-08-25, 20:34:48 - ALERTA: Es posible que no se puedan seguir todos los enlaces en “/Users/kntxt/Desktop/Insemad_Clon/palosa.de/palosa-nachhaltigkeit/index.html” porque utiliza JavaScript
22-08-25, 20:34:48 - ERROR: La descarga de “https://palosa.de/wp-content/plugins/elementor-pro/assets/css/widget-mega-menu.min.css?ver=3.26.2”, remitidos desde “/Users/kntxt/Desktop/Insemad_Clon/palosa.de/datenschutz/index.html”, falló con código de error 404 (no encontrado)
22-08-25, 20:34:48 - ALERTA: No se ha podido descargar “mailto:info@palosa.de”, remitidos desde “/Users/kntxt/Desktop/Insemad_Clon/palosa.de/datenschutz/index.html”, porque es una URL no válida o no soportada
22-08-25, 20:34:48 - ALERTA: No se ha podido descargar “tel:+493501576350”, remitidos desde “/Users/kntxt/Desktop/Insemad_Clon/palosa.de/datenschutz/index.html”, porque es una URL no válida o no soportada
22-08-25, 20:34:48 - ALERTA: No se ha podido descargar “tel:+493501576350”, remitidos desde “/Users/kntxt/Desktop/Insemad_Clon/palosa.de/datenschutz/index.html”, porque es una URL no válida o no soportada
22-08-25, 20:34:48 - ALERTA: Es posible que no se puedan seguir todos los enlaces en “/Users/kntxt/Desktop/Insemad_Clon/palosa.de/datenschutz/index.html” porque utiliza JavaScript
22-08-25, 20:34:49 - ALERTA: No se ha podido descargar “https://palosa.de/wp-content/plugins/mystickyelements/js/jquery.cookie.js?ver=2.3.0” porque se necesita autenticación
22-08-25, 20:34:51 - ALERTA: El número máximo de archivos ha sido descargado
22-08-25, 20:34:51 - ESTADO: Nivel = 2; Ficheros Descargados = 100; Ficheros Restantes = 0; Errores = 13; Conexiones = 6; Tiempo para Descargar = 16 segundos

---------------------
